# JRE version: Java(TM) SE Runtime Environment (17.0.9+11) (build 17.0.9+11-LTS-201)
# Java VM: Java HotSpot(TM) 64-Bit Server VM (17.0.9+11-LTS-201, mixed mode, sharing, tiered, compressed oops, compressed class ptrs, parallel gc, windows-amd64)
GC Precious Log:
 CPUs: 4 total, 4 available
 Memory: 3968M
 Large Page Support: Disabled
 NUMA Support: Disabled
 Compressed Oops: Enabled (32-bit)
 Alignments: Space 512K, Generation 512K, Heap 2M
 Heap Min Capacity: 100M
 Heap Initial Capacity: 100M
 Heap Max Capacity: 1G
 Pre-touch: Disabled
 Parallel Workers: 4
Heap:
 PSYoungGen      total 23552K, used 15088K [0x00000000eab00000, 0x00000000eca80000, 0x0000000100000000)
  eden space 14848K, 45% used [0x00000000eab00000,0x00000000eb1a5a98,0x00000000eb980000)
  from space 8704K, 95% used [0x00000000ec200000,0x00000000eca16750,0x00000000eca80000)
  to   space 8704K, 0% used [0x00000000eb980000,0x00000000eb980000,0x00000000ec200000)
 ParOldGen       total 303104K, used 256747K [0x00000000c0000000, 0x00000000d2800000, 0x00000000eab00000)
  object space 303104K, 84% used [0x00000000c0000000,0x00000000cfabafb0,0x00000000d2800000)
 Metaspace       used 81502K, committed 82880K, reserved 1179648K
  class space    used 8609K, committed 9216K, reserved 1048576K
GC Heap History (20 events):
Event: 184.504 GC heap before
{Heap before GC invocations=259 (full 13):
 PSYoungGen      total 22016K, used 22008K [0x00000000eab00000, 0x00000000ecc80000, 0x0000000100000000)
  eden space 17408K, 99% used [0x00000000eab00000,0x00000000ebbffff0,0x00000000ebc00000)
  from space 4608K, 99% used [0x00000000ec300000,0x00000000ec77e158,0x00000000ec780000)
  to   space 7168K, 0% used [0x00000000ebc00000,0x00000000ebc00000,0x00000000ec300000)
 ParOldGen       total 303104K, used 243258K [0x00000000c0000000, 0x00000000d2800000, 0x00000000eab00000)
  object space 303104K, 80% used [0x00000000c0000000,0x00000000ced8ea90,0x00000000d2800000)
 Metaspace       used 78179K, committed 79488K, reserved 1179648K
  class space    used 8179K, committed 8768K, reserved 1048576K
}
Event: 184.528 GC heap after
{Heap after GC invocations=259 (full 13):
 PSYoungGen      total 24576K, used 7165K [0x00000000eab00000, 0x00000000ed400000, 0x0000000100000000)
  eden space 17408K, 0% used [0x00000000eab00000,0x00000000eab00000,0x00000000ebc00000)
  from space 7168K, 99% used [0x00000000ebc00000,0x00000000ec2ff430,0x00000000ec300000)
  to   space 12288K, 0% used [0x00000000ec800000,0x00000000ec800000,0x00000000ed400000)
 ParOldGen       total 303104K, used 247205K [0x00000000c0000000, 0x00000000d2800000, 0x00000000eab00000)
  object space 303104K, 81% used [0x00000000c0000000,0x00000000cf1695e0,0x00000000d2800000)
 Metaspace       used 78179K, committed 79488K, reserved 1179648K
  class space    used 8179K, committed 8768K, reserved 1048576K
}
Event: 199.758 GC heap before
{Heap before GC invocations=260 (full 13):
 PSYoungGen      total 24576K, used 24573K [0x00000000eab00000, 0x00000000ed400000, 0x0000000100000000)
  eden space 17408K, 100% used [0x00000000eab00000,0x00000000ebc00000,0x00000000ebc00000)
  from space 7168K, 99% used [0x00000000ebc00000,0x00000000ec2ff430,0x00000000ec300000)
  to   space 12288K, 0% used [0x00000000ec800000,0x00000000ec800000,0x00000000ed400000)
 ParOldGen       total 303104K, used 247205K [0x00000000c0000000, 0x00000000d2800000, 0x00000000eab00000)
  object space 303104K, 81% used [0x00000000c0000000,0x00000000cf1695e0,0x00000000d2800000)
 Metaspace       used 78216K, committed 79552K, reserved 1179648K
  class space    used 8180K, committed 8768K, reserved 1048576K
}
Event: 199.872 GC heap after
{Heap after GC invocations=260 (full 13):
 PSYoungGen      total 27136K, used 12256K [0x00000000eab00000, 0x00000000ed900000, 0x0000000100000000)
  eden space 14848K, 0% used [0x00000000eab00000,0x00000000eab00000,0x00000000eb980000)
  from space 12288K, 99% used [0x00000000ec800000,0x00000000ed3f82f8,0x00000000ed400000)
  to   space 14848K, 0% used [0x00000000eb980000,0x00000000eb980000,0x00000000ec800000)
 ParOldGen       total 303104K, used 248638K [0x00000000c0000000, 0x00000000d2800000, 0x00000000eab00000)
  object space 303104K, 82% used [0x00000000c0000000,0x00000000cf2cfbd8,0x00000000d2800000)
 Metaspace       used 78216K, committed 79552K, reserved 1179648K
  class space    used 8180K, committed 8768K, reserved 1048576K
}
Event: 207.970 GC heap before
{Heap before GC invocations=261 (full 13):
 PSYoungGen      total 27136K, used 27104K [0x00000000eab00000, 0x00000000ed900000, 0x0000000100000000)
  eden space 14848K, 100% used [0x00000000eab00000,0x00000000eb980000,0x00000000eb980000)
  from space 12288K, 99% used [0x00000000ec800000,0x00000000ed3f82f8,0x00000000ed400000)
  to   space 14848K, 0% used [0x00000000eb980000,0x00000000eb980000,0x00000000ec800000)
 ParOldGen       total 303104K, used 248638K [0x00000000c0000000, 0x00000000d2800000, 0x00000000eab00000)
  object space 303104K, 82% used [0x00000000c0000000,0x00000000cf2cfbd8,0x00000000d2800000)
 Metaspace       used 78253K, committed 79552K, reserved 1179648K
  class space    used 8180K, committed 8768K, reserved 1048576K
}
Event: 208.004 GC heap after
{Heap after GC invocations=261 (full 13):
 PSYoungGen      total 27136K, used 11904K [0x00000000eab00000, 0x00000000ed280000, 0x0000000100000000)
  eden space 14848K, 0% used [0x00000000eab00000,0x00000000eab00000,0x00000000eb980000)
  from space 12288K, 96% used [0x00000000eb980000,0x00000000ec5202f8,0x00000000ec580000)
  to   space 12800K, 0% used [0x00000000ec600000,0x00000000ec600000,0x00000000ed280000)
 ParOldGen       total 303104K, used 249884K [0x00000000c0000000, 0x00000000d2800000, 0x00000000eab00000)
  object space 303104K, 82% used [0x00000000c0000000,0x00000000cf4072d8,0x00000000d2800000)
 Metaspace       used 78253K, committed 79552K, reserved 1179648K
  class space    used 8180K, committed 8768K, reserved 1048576K
}
Event: 210.063 GC heap before
{Heap before GC invocations=262 (full 13):
 PSYoungGen      total 27136K, used 26752K [0x00000000eab00000, 0x00000000ed280000, 0x0000000100000000)
  eden space 14848K, 99% used [0x00000000eab00000,0x00000000eb97fe08,0x00000000eb980000)
  from space 12288K, 96% used [0x00000000eb980000,0x00000000ec5202f8,0x00000000ec580000)
  to   space 12800K, 0% used [0x00000000ec600000,0x00000000ec600000,0x00000000ed280000)
 ParOldGen       total 303104K, used 249884K [0x00000000c0000000, 0x00000000d2800000, 0x00000000eab00000)
  object space 303104K, 82% used [0x00000000c0000000,0x00000000cf4072d8,0x00000000d2800000)
 Metaspace       used 78291K, committed 79616K, reserved 1179648K
  class space    used 8181K, committed 8768K, reserved 1048576K
}
Event: 210.080 GC heap after
{Heap after GC invocations=262 (full 13):
 PSYoungGen      total 26624K, used 11504K [0x00000000eab00000, 0x00000000ed180000, 0x0000000100000000)
  eden space 14848K, 0% used [0x00000000eab00000,0x00000000eab00000,0x00000000eb980000)
  from space 11776K, 97% used [0x00000000ec600000,0x00000000ed13c2c8,0x00000000ed180000)
  to   space 11776K, 0% used [0x00000000eba80000,0x00000000eba80000,0x00000000ec600000)
 ParOldGen       total 303104K, used 249884K [0x00000000c0000000, 0x00000000d2800000, 0x00000000eab00000)
  object space 303104K, 82% used [0x00000000c0000000,0x00000000cf4072d8,0x00000000d2800000)
 Metaspace       used 78291K, committed 79616K, reserved 1179648K
  class space    used 8181K, committed 8768K, reserved 1048576K
}
Event: 265.057 GC heap before
{Heap before GC invocations=263 (full 13):
 PSYoungGen      total 26624K, used 26352K [0x00000000eab00000, 0x00000000ed180000, 0x0000000100000000)
  eden space 14848K, 100% used [0x00000000eab00000,0x00000000eb980000,0x00000000eb980000)
  from space 11776K, 97% used [0x00000000ec600000,0x00000000ed13c2c8,0x00000000ed180000)
  to   space 11776K, 0% used [0x00000000eba80000,0x00000000eba80000,0x00000000ec600000)
 ParOldGen       total 303104K, used 249884K [0x00000000c0000000, 0x00000000d2800000, 0x00000000eab00000)
  object space 303104K, 82% used [0x00000000c0000000,0x00000000cf4072d8,0x00000000d2800000)
 Metaspace       used 78626K, committed 79872K, reserved 1179648K
  class space    used 8225K, committed 8832K, reserved 1048576K
}
Event: 265.460 GC heap after
{Heap after GC invocations=263 (full 13):
 PSYoungGen      total 26624K, used 11744K [0x00000000eab00000, 0x00000000ed380000, 0x0000000100000000)
  eden space 14848K, 0% used [0x00000000eab00000,0x00000000eab00000,0x00000000eb980000)
  from space 11776K, 99% used [0x00000000eba80000,0x00000000ec5f82e8,0x00000000ec600000)
  to   space 13312K, 0% used [0x00000000ec680000,0x00000000ec680000,0x00000000ed380000)
 ParOldGen       total 303104K, used 250817K [0x00000000c0000000, 0x00000000d2800000, 0x00000000eab00000)
  object space 303104K, 82% used [0x00000000c0000000,0x00000000cf4f07a8,0x00000000d2800000)
 Metaspace       used 78626K, committed 79872K, reserved 1179648K
  class space    used 8225K, committed 8832K, reserved 1048576K
}
Event: 329.771 GC heap before
{Heap before GC invocations=264 (full 13):
 PSYoungGen      total 26624K, used 26592K [0x00000000eab00000, 0x00000000ed380000, 0x0000000100000000)
  eden space 14848K, 100% used [0x00000000eab00000,0x00000000eb980000,0x00000000eb980000)
  from space 11776K, 99% used [0x00000000eba80000,0x00000000ec5f82e8,0x00000000ec600000)
  to   space 13312K, 0% used [0x00000000ec680000,0x00000000ec680000,0x00000000ed380000)
 ParOldGen       total 303104K, used 250817K [0x00000000c0000000, 0x00000000d2800000, 0x00000000eab00000)
  object space 303104K, 82% used [0x00000000c0000000,0x00000000cf4f07a8,0x00000000d2800000)
 Metaspace       used 78718K, committed 80000K, reserved 1179648K
  class space    used 8226K, committed 8832K, reserved 1048576K
}
Event: 330.226 GC heap after
{Heap after GC invocations=264 (full 13):
 PSYoungGen      total 26624K, used 11511K [0x00000000eab00000, 0x00000000ed200000, 0x0000000100000000)
  eden space 14848K, 0% used [0x00000000eab00000,0x00000000eab00000,0x00000000eb980000)
  from space 11776K, 97% used [0x00000000ec680000,0x00000000ed1bdea8,0x00000000ed200000)
  to   space 12288K, 0% used [0x00000000eba00000,0x00000000eba00000,0x00000000ec600000)
 ParOldGen       total 303104K, used 251315K [0x00000000c0000000, 0x00000000d2800000, 0x00000000eab00000)
  object space 303104K, 82% used [0x00000000c0000000,0x00000000cf56cc08,0x00000000d2800000)
 Metaspace       used 78718K, committed 80000K, reserved 1179648K
  class space    used 8226K, committed 8832K, reserved 1048576K
}
Event: 406.328 GC heap before
{Heap before GC invocations=265 (full 13):
 PSYoungGen      total 26624K, used 26359K [0x00000000eab00000, 0x00000000ed200000, 0x0000000100000000)
  eden space 14848K, 100% used [0x00000000eab00000,0x00000000eb980000,0x00000000eb980000)
  from space 11776K, 97% used [0x00000000ec680000,0x00000000ed1bdea8,0x00000000ed200000)
  to   space 12288K, 0% used [0x00000000eba00000,0x00000000eba00000,0x00000000ec600000)
 ParOldGen       total 303104K, used 251315K [0x00000000c0000000, 0x00000000d2800000, 0x00000000eab00000)
  object space 303104K, 82% used [0x00000000c0000000,0x00000000cf56cc08,0x00000000d2800000)
 Metaspace       used 78775K, committed 80064K, reserved 1179648K
  class space    used 8229K, committed 8832K, reserved 1048576K
}
Event: 406.811 GC heap after
{Heap after GC invocations=265 (full 13):
 PSYoungGen      total 26624K, used 11607K [0x00000000eab00000, 0x00000000ed080000, 0x0000000100000000)
  eden space 14848K, 0% used [0x00000000eab00000,0x00000000eab00000,0x00000000eb980000)
  from space 11776K, 98% used [0x00000000eba00000,0x00000000ec555ee8,0x00000000ec580000)
  to   space 11264K, 0% used [0x00000000ec580000,0x00000000ec580000,0x00000000ed080000)
 ParOldGen       total 303104K, used 251323K [0x00000000c0000000, 0x00000000d2800000, 0x00000000eab00000)
  object space 303104K, 82% used [0x00000000c0000000,0x00000000cf56ec08,0x00000000d2800000)
 Metaspace       used 78775K, committed 80064K, reserved 1179648K
  class space    used 8229K, committed 8832K, reserved 1048576K
}
Event: 502.087 GC heap before
{Heap before GC invocations=266 (full 13):
 PSYoungGen      total 26624K, used 26423K [0x00000000eab00000, 0x00000000ed080000, 0x0000000100000000)
  eden space 14848K, 99% used [0x00000000eab00000,0x00000000eb977eb0,0x00000000eb980000)
  from space 11776K, 98% used [0x00000000eba00000,0x00000000ec555ee8,0x00000000ec580000)
  to   space 11264K, 0% used [0x00000000ec580000,0x00000000ec580000,0x00000000ed080000)
 ParOldGen       total 303104K, used 251323K [0x00000000c0000000, 0x00000000d2800000, 0x00000000eab00000)
  object space 303104K, 82% used [0x00000000c0000000,0x00000000cf56ec08,0x00000000d2800000)
 Metaspace       used 79027K, committed 80320K, reserved 1179648K
  class space    used 8256K, committed 8832K, reserved 1048576K
}
Event: 502.651 GC heap after
{Heap after GC invocations=266 (full 13):
 PSYoungGen      total 26112K, used 11261K [0x00000000eab00000, 0x00000000ed180000, 0x0000000100000000)
  eden space 14848K, 0% used [0x00000000eab00000,0x00000000eab00000,0x00000000eb980000)
  from space 11264K, 99% used [0x00000000ec580000,0x00000000ed07f468,0x00000000ed080000)
  to   space 12288K, 0% used [0x00000000eb980000,0x00000000eb980000,0x00000000ec580000)
 ParOldGen       total 303104K, used 251827K [0x00000000c0000000, 0x00000000d2800000, 0x00000000eab00000)
  object space 303104K, 83% used [0x00000000c0000000,0x00000000cf5ecc08,0x00000000d2800000)
 Metaspace       used 79027K, committed 80320K, reserved 1179648K
  class space    used 8256K, committed 8832K, reserved 1048576K
}
Event: 504.437 GC heap before
{Heap before GC invocations=267 (full 13):
 PSYoungGen      total 26112K, used 26109K [0x00000000eab00000, 0x00000000ed180000, 0x0000000100000000)
  eden space 14848K, 99% used [0x00000000eab00000,0x00000000eb97fff0,0x00000000eb980000)
  from space 11264K, 99% used [0x00000000ec580000,0x00000000ed07f468,0x00000000ed080000)
  to   space 12288K, 0% used [0x00000000eb980000,0x00000000eb980000,0x00000000ec580000)
 ParOldGen       total 303104K, used 251827K [0x00000000c0000000, 0x00000000d2800000, 0x00000000eab00000)
  object space 303104K, 83% used [0x00000000c0000000,0x00000000cf5ecc08,0x00000000d2800000)
 Metaspace       used 80586K, committed 81984K, reserved 1179648K
  class space    used 8491K, committed 9088K, reserved 1048576K
}
Event: 504.486 GC heap after
{Heap after GC invocations=267 (full 13):
 PSYoungGen      total 21504K, used 6601K [0x00000000eab00000, 0x00000000eca80000, 0x0000000100000000)
  eden space 14848K, 0% used [0x00000000eab00000,0x00000000eab00000,0x00000000eb980000)
  from space 6656K, 99% used [0x00000000eb980000,0x00000000ebff2720,0x00000000ec000000)
  to   space 8704K, 0% used [0x00000000ec200000,0x00000000ec200000,0x00000000eca80000)
 ParOldGen       total 303104K, used 256747K [0x00000000c0000000, 0x00000000d2800000, 0x00000000eab00000)
  object space 303104K, 84% used [0x00000000c0000000,0x00000000cfabafb0,0x00000000d2800000)
 Metaspace       used 80586K, committed 81984K, reserved 1179648K
  class space    used 8491K, committed 9088K, reserved 1048576K
}
Event: 506.852 GC heap before
{Heap before GC invocations=268 (full 13):
 PSYoungGen      total 21504K, used 21449K [0x00000000eab00000, 0x00000000eca80000, 0x0000000100000000)
  eden space 14848K, 100% used [0x00000000eab00000,0x00000000eb980000,0x00000000eb980000)
  from space 6656K, 99% used [0x00000000eb980000,0x00000000ebff2720,0x00000000ec000000)
  to   space 8704K, 0% used [0x00000000ec200000,0x00000000ec200000,0x00000000eca80000)
 ParOldGen       total 303104K, used 256747K [0x00000000c0000000, 0x00000000d2800000, 0x00000000eab00000)
  object space 303104K, 84% used [0x00000000c0000000,0x00000000cfabafb0,0x00000000d2800000)
 Metaspace       used 81320K, committed 82624K, reserved 1179648K
  class space    used 8593K, committed 9152K, reserved 1048576K
}
Event: 506.972 GC heap after
{Heap after GC invocations=268 (full 13):
 PSYoungGen      total 23552K, used 8281K [0x00000000eab00000, 0x00000000eca80000, 0x0000000100000000)
  eden space 14848K, 0% used [0x00000000eab00000,0x00000000eab00000,0x00000000eb980000)
  from space 8704K, 95% used [0x00000000ec200000,0x00000000eca16750,0x00000000eca80000)
  to   space 8704K, 0% used [0x00000000eb980000,0x00000000eb980000,0x00000000ec200000)
 ParOldGen       total 303104K, used 256747K [0x00000000c0000000, 0x00000000d2800000, 0x00000000eab00000)
  object space 303104K, 84% used [0x00000000c0000000,0x00000000cfabafb0,0x00000000d2800000)
 Metaspace       used 81320K, committed 82624K, reserved 1179648K
  class space    used 8593K, committed 9152K, reserved 1048576K
}

